<?xml version="1.0" encoding="UTF-8"?>
<testsuite xmlns:xsi="http://www.w3.org/2001/XMLSchema-instance" xsi:noNamespaceSchemaLocation="https://maven.apache.org/surefire/maven-surefire-plugin/xsd/surefire-test-report-3.0.xsd" version="3.0" name="git.MyResourceTest" time="2.02" tests="1" errors="0" skipped="0" failures="0">
  <properties>
    <property name="java.specification.version" value="17"/>
    <property name="sun.jnu.encoding" value="UTF-8"/>
    <property name="java.class.path" value="/opt/mvn_test/git_demo/target/test-classes:/opt/mvn_test/git_demo/target/classes:/root/.m2/repository/org/glassfish/jersey/containers/jersey-container-servlet/3.1.7/jersey-container-servlet-3.1.7.jar:/root/.m2/repository/org/glassfish/jersey/containers/jersey-container-servlet-core/3.1.7/jersey-container-servlet-core-3.1.7.jar:/root/.m2/repository/jakarta/inject/jakarta.inject-api/2.0.1/jakarta.inject-api-2.0.1.jar:/root/.m2/repository/org/glassfish/jersey/core/jersey-common/3.1.7/jersey-common-3.1.7.jar:/root/.m2/repository/jakarta/annotation/jakarta.annotation-api/2.1.1/jakarta.annotation-api-2.1.1.jar:/root/.m2/repository/org/glassfish/hk2/osgi-resource-locator/1.0.3/osgi-resource-locator-1.0.3.jar:/root/.m2/repository/org/glassfish/jersey/core/jersey-server/3.1.7/jersey-server-3.1.7.jar:/root/.m2/repository/org/glassfish/jersey/core/jersey-client/3.1.7/jersey-client-3.1.7.jar:/root/.m2/repository/jakarta/validation/jakarta.validation-api/3.0.2/jakarta.validation-api-3.0.2.jar:/root/.m2/repository/jakarta/ws/rs/jakarta.ws.rs-api/3.1.0/jakarta.ws.rs-api-3.1.0.jar:/root/.m2/repository/org/glassfish/jersey/inject/jersey-hk2/3.1.7/jersey-hk2-3.1.7.jar:/root/.m2/repository/org/glassfish/hk2/hk2-locator/3.0.6/hk2-locator-3.0.6.jar:/root/.m2/repository/org/glassfish/hk2/external/aopalliance-repackaged/3.0.6/aopalliance-repackaged-3.0.6.jar:/root/.m2/repository/org/glassfish/hk2/hk2-api/3.0.6/hk2-api-3.0.6.jar:/root/.m2/repository/org/glassfish/hk2/hk2-utils/3.0.6/hk2-utils-3.0.6.jar:/root/.m2/repository/org/javassist/javassist/3.30.2-GA/javassist-3.30.2-GA.jar:/root/.m2/repository/org/eclipse/jetty/ee10/jetty-ee10-servlet/12.0.7/jetty-ee10-servlet-12.0.7.jar:/root/.m2/repository/jakarta/servlet/jakarta.servlet-api/6.0.0/jakarta.servlet-api-6.0.0.jar:/root/.m2/repository/org/eclipse/jetty/jetty-security/12.0.7/jetty-security-12.0.7.jar:/root/.m2/repository/org/eclipse/jetty/jetty-server/12.0.7/jetty-server-12.0.7.jar:/root/.m2/repository/org/eclipse/jetty/jetty-http/12.0.7/jetty-http-12.0.7.jar:/root/.m2/repository/org/eclipse/jetty/jetty-io/12.0.7/jetty-io-12.0.7.jar:/root/.m2/repository/org/eclipse/jetty/jetty-session/12.0.7/jetty-session-12.0.7.jar:/root/.m2/repository/org/slf4j/slf4j-api/2.0.9/slf4j-api-2.0.9.jar:/root/.m2/repository/org/eclipse/jetty/ee10/jetty-ee10-webapp/12.0.7/jetty-ee10-webapp-12.0.7.jar:/root/.m2/repository/org/eclipse/jetty/jetty-xml/12.0.7/jetty-xml-12.0.7.jar:/root/.m2/repository/org/eclipse/jetty/jetty-util/12.0.7/jetty-util-12.0.7.jar:/root/.m2/repository/org/glassfish/jersey/test-framework/providers/jersey-test-framework-provider-grizzly2/3.1.7/jersey-test-framework-provider-grizzly2-3.1.7.jar:/root/.m2/repository/org/glassfish/jersey/test-framework/jersey-test-framework-core/3.1.7/jersey-test-framework-core-3.1.7.jar:/root/.m2/repository/jakarta/xml/bind/jakarta.xml.bind-api/4.0.2/jakarta.xml.bind-api-4.0.2.jar:/root/.m2/repository/jakarta/activation/jakarta.activation-api/2.1.3/jakarta.activation-api-2.1.3.jar:/root/.m2/repository/org/glassfish/jersey/media/jersey-media-jaxb/3.1.7/jersey-media-jaxb-3.1.7.jar:/root/.m2/repository/org/glassfish/jersey/containers/jersey-container-grizzly2-http/3.1.7/jersey-container-grizzly2-http-3.1.7.jar:/root/.m2/repository/org/glassfish/grizzly/grizzly-http-server/4.0.2/grizzly-http-server-4.0.2.jar:/root/.m2/repository/org/glassfish/grizzly/grizzly-http/4.0.2/grizzly-http-4.0.2.jar:/root/.m2/repository/org/glassfish/grizzly/grizzly-framework/4.0.2/grizzly-framework-4.0.2.jar:/root/.m2/repository/org/glassfish/jersey/containers/jersey-container-grizzly2-servlet/3.1.7/jersey-container-grizzly2-servlet-3.1.7.jar:/root/.m2/repository/org/glassfish/grizzly/grizzly-http-servlet/4.0.2/grizzly-http-servlet-4.0.2.jar:/root/.m2/repository/org/glassfish/jersey/test-framework/providers/jersey-test-framework-provider-inmemory/3.1.7/jersey-test-framework-provider-inmemory-3.1.7.jar:/root/.m2/repository/org/glassfish/jersey/test-framework/providers/jersey-test-framework-provider-external/3.1.7/jersey-test-framework-provider-external-3.1.7.jar:/root/.m2/repository/org/glassfish/jersey/test-framework/providers/jersey-test-framework-provider-jdk-http/3.1.7/jersey-test-framework-provider-jdk-http-3.1.7.jar:/root/.m2/repository/org/glassfish/jersey/containers/jersey-container-jdk-http/3.1.7/jersey-container-jdk-http-3.1.7.jar:/root/.m2/repository/org/glassfish/jersey/test-framework/providers/jersey-test-framework-provider-simple/3.1.7/jersey-test-framework-provider-simple-3.1.7.jar:/root/.m2/repository/org/glassfish/jersey/containers/jersey-container-simple-http/3.1.7/jersey-container-simple-http-3.1.7.jar:/root/.m2/repository/org/simpleframework/simple-http/6.0.1/simple-http-6.0.1.jar:/root/.m2/repository/org/simpleframework/simple-transport/6.0.1/simple-transport-6.0.1.jar:/root/.m2/repository/org/simpleframework/simple-common/6.0.1/simple-common-6.0.1.jar:/root/.m2/repository/org/glassfish/jersey/test-framework/providers/jersey-test-framework-provider-netty/3.1.7/jersey-test-framework-provider-netty-3.1.7.jar:/root/.m2/repository/org/glassfish/jersey/containers/jersey-container-netty-http/3.1.7/jersey-container-netty-http-3.1.7.jar:/root/.m2/repository/org/glassfish/jersey/connectors/jersey-netty-connector/3.1.7/jersey-netty-connector-3.1.7.jar:/root/.m2/repository/io/netty/netty-all/4.1.109.Final/netty-all-4.1.109.Final.jar:/root/.m2/repository/io/netty/netty-buffer/4.1.109.Final/netty-buffer-4.1.109.Final.jar:/root/.m2/repository/io/netty/netty-codec/4.1.109.Final/netty-codec-4.1.109.Final.jar:/root/.m2/repository/io/netty/netty-codec-dns/4.1.109.Final/netty-codec-dns-4.1.109.Final.jar:/root/.m2/repository/io/netty/netty-codec-haproxy/4.1.109.Final/netty-codec-haproxy-4.1.109.Final.jar:/root/.m2/repository/io/netty/netty-codec-http/4.1.109.Final/netty-codec-http-4.1.109.Final.jar:/root/.m2/repository/io/netty/netty-codec-http2/4.1.109.Final/netty-codec-http2-4.1.109.Final.jar:/root/.m2/repository/io/netty/netty-codec-memcache/4.1.109.Final/netty-codec-memcache-4.1.109.Final.jar:/root/.m2/repository/io/netty/netty-codec-mqtt/4.1.109.Final/netty-codec-mqtt-4.1.109.Final.jar:/root/.m2/repository/io/netty/netty-codec-redis/4.1.109.Final/netty-codec-redis-4.1.109.Final.jar:/root/.m2/repository/io/netty/netty-codec-smtp/4.1.109.Final/netty-codec-smtp-4.1.109.Final.jar:/root/.m2/repository/io/netty/netty-codec-socks/4.1.109.Final/netty-codec-socks-4.1.109.Final.jar:/root/.m2/repository/io/netty/netty-codec-stomp/4.1.109.Final/netty-codec-stomp-4.1.109.Final.jar:/root/.m2/repository/io/netty/netty-codec-xml/4.1.109.Final/netty-codec-xml-4.1.109.Final.jar:/root/.m2/repository/io/netty/netty-common/4.1.109.Final/netty-common-4.1.109.Final.jar:/root/.m2/repository/io/netty/netty-handler/4.1.109.Final/netty-handler-4.1.109.Final.jar:/root/.m2/repository/io/netty/netty-transport-native-unix-common/4.1.109.Final/netty-transport-native-unix-common-4.1.109.Final.jar:/root/.m2/repository/io/netty/netty-handler-proxy/4.1.109.Final/netty-handler-proxy-4.1.109.Final.jar:/root/.m2/repository/io/netty/netty-handler-ssl-ocsp/4.1.109.Final/netty-handler-ssl-ocsp-4.1.109.Final.jar:/root/.m2/repository/io/netty/netty-resolver/4.1.109.Final/netty-resolver-4.1.109.Final.jar:/root/.m2/repository/io/netty/netty-resolver-dns/4.1.109.Final/netty-resolver-dns-4.1.109.Final.jar:/root/.m2/repository/io/netty/netty-transport/4.1.109.Final/netty-transport-4.1.109.Final.jar:/root/.m2/repository/io/netty/netty-transport-rxtx/4.1.109.Final/netty-transport-rxtx-4.1.109.Final.jar:/root/.m2/repository/io/netty/netty-transport-sctp/4.1.109.Final/netty-transport-sctp-4.1.109.Final.jar:/root/.m2/repository/io/netty/netty-transport-udt/4.1.109.Final/netty-transport-udt-4.1.109.Final.jar:/root/.m2/repository/io/netty/netty-transport-classes-epoll/4.1.109.Final/netty-transport-classes-epoll-4.1.109.Final.jar:/root/.m2/repository/io/netty/netty-transport-classes-kqueue/4.1.109.Final/netty-transport-classes-kqueue-4.1.109.Final.jar:/root/.m2/repository/io/netty/netty-resolver-dns-classes-macos/4.1.109.Final/netty-resolver-dns-classes-macos-4.1.109.Final.jar:/root/.m2/repository/io/netty/netty-transport-native-epoll/4.1.109.Final/netty-transport-native-epoll-4.1.109.Final-linux-x86_64.jar:/root/.m2/repository/io/netty/netty-transport-native-epoll/4.1.109.Final/netty-transport-native-epoll-4.1.109.Final-linux-aarch_64.jar:/root/.m2/repository/io/netty/netty-transport-native-epoll/4.1.109.Final/netty-transport-native-epoll-4.1.109.Final-linux-riscv64.jar:/root/.m2/repository/io/netty/netty-transport-native-kqueue/4.1.109.Final/netty-transport-native-kqueue-4.1.109.Final-osx-x86_64.jar:/root/.m2/repository/io/netty/netty-transport-native-kqueue/4.1.109.Final/netty-transport-native-kqueue-4.1.109.Final-osx-aarch_64.jar:/root/.m2/repository/io/netty/netty-resolver-dns-native-macos/4.1.109.Final/netty-resolver-dns-native-macos-4.1.109.Final-osx-x86_64.jar:/root/.m2/repository/io/netty/netty-resolver-dns-native-macos/4.1.109.Final/netty-resolver-dns-native-macos-4.1.109.Final-osx-aarch_64.jar:/root/.m2/repository/org/glassfish/jersey/test-framework/providers/jersey-test-framework-provider-jetty/3.1.7/jersey-test-framework-provider-jetty-3.1.7.jar:/root/.m2/repository/org/glassfish/jersey/containers/jersey-container-jetty-http/3.1.7/jersey-container-jetty-http-3.1.7.jar:/root/.m2/repository/org/junit/jupiter/junit-jupiter/5.10.2/junit-jupiter-5.10.2.jar:/root/.m2/repository/org/junit/jupiter/junit-jupiter-api/5.10.2/junit-jupiter-api-5.10.2.jar:/root/.m2/repository/org/opentest4j/opentest4j/1.3.0/opentest4j-1.3.0.jar:/root/.m2/repository/org/junit/platform/junit-platform-commons/1.10.2/junit-platform-commons-1.10.2.jar:/root/.m2/repository/org/apiguardian/apiguardian-api/1.1.2/apiguardian-api-1.1.2.jar:/root/.m2/repository/org/junit/jupiter/junit-jupiter-params/5.10.2/junit-jupiter-params-5.10.2.jar:/root/.m2/repository/org/junit/jupiter/junit-jupiter-engine/5.10.2/junit-jupiter-engine-5.10.2.jar:/root/.m2/repository/org/hamcrest/hamcrest/2.2/hamcrest-2.2.jar:"/>
    <property name="java.vm.vendor" value="Oracle Corporation"/>
    <property name="sun.arch.data.model" value="64"/>
    <property name="java.vendor.url" value="https://java.oracle.com/"/>
    <property name="user.timezone" value="UTC"/>
    <property name="os.name" value="Linux"/>
    <property name="java.vm.specification.version" value="17"/>
    <property name="sun.java.launcher" value="SUN_STANDARD"/>
    <property name="sun.boot.library.path" value="/usr/lib/jvm/jdk-17-oracle-x64/lib"/>
    <property name="sun.java.command" value="/opt/mvn_test/git_demo/target/surefire/surefirebooter-20240705053440926_3.jar /opt/mvn_test/git_demo/target/surefire 2024-07-05T05-34-40_750-jvmRun1 surefire-20240705053440926_1tmp surefire_0-20240705053440926_2tmp"/>
    <property name="jdk.debug" value="release"/>
    <property name="surefire.test.class.path" value="/opt/mvn_test/git_demo/target/test-classes:/opt/mvn_test/git_demo/target/classes:/root/.m2/repository/org/glassfish/jersey/containers/jersey-container-servlet/3.1.7/jersey-container-servlet-3.1.7.jar:/root/.m2/repository/org/glassfish/jersey/containers/jersey-container-servlet-core/3.1.7/jersey-container-servlet-core-3.1.7.jar:/root/.m2/repository/jakarta/inject/jakarta.inject-api/2.0.1/jakarta.inject-api-2.0.1.jar:/root/.m2/repository/org/glassfish/jersey/core/jersey-common/3.1.7/jersey-common-3.1.7.jar:/root/.m2/repository/jakarta/annotation/jakarta.annotation-api/2.1.1/jakarta.annotation-api-2.1.1.jar:/root/.m2/repository/org/glassfish/hk2/osgi-resource-locator/1.0.3/osgi-resource-locator-1.0.3.jar:/root/.m2/repository/org/glassfish/jersey/core/jersey-server/3.1.7/jersey-server-3.1.7.jar:/root/.m2/repository/org/glassfish/jersey/core/jersey-client/3.1.7/jersey-client-3.1.7.jar:/root/.m2/repository/jakarta/validation/jakarta.validation-api/3.0.2/jakarta.validation-api-3.0.2.jar:/root/.m2/repository/jakarta/ws/rs/jakarta.ws.rs-api/3.1.0/jakarta.ws.rs-api-3.1.0.jar:/root/.m2/repository/org/glassfish/jersey/inject/jersey-hk2/3.1.7/jersey-hk2-3.1.7.jar:/root/.m2/repository/org/glassfish/hk2/hk2-locator/3.0.6/hk2-locator-3.0.6.jar:/root/.m2/repository/org/glassfish/hk2/external/aopalliance-repackaged/3.0.6/aopalliance-repackaged-3.0.6.jar:/root/.m2/repository/org/glassfish/hk2/hk2-api/3.0.6/hk2-api-3.0.6.jar:/root/.m2/repository/org/glassfish/hk2/hk2-utils/3.0.6/hk2-utils-3.0.6.jar:/root/.m2/repository/org/javassist/javassist/3.30.2-GA/javassist-3.30.2-GA.jar:/root/.m2/repository/org/eclipse/jetty/ee10/jetty-ee10-servlet/12.0.7/jetty-ee10-servlet-12.0.7.jar:/root/.m2/repository/jakarta/servlet/jakarta.servlet-api/6.0.0/jakarta.servlet-api-6.0.0.jar:/root/.m2/repository/org/eclipse/jetty/jetty-security/12.0.7/jetty-security-12.0.7.jar:/root/.m2/repository/org/eclipse/jetty/jetty-server/12.0.7/jetty-server-12.0.7.jar:/root/.m2/repository/org/eclipse/jetty/jetty-http/12.0.7/jetty-http-12.0.7.jar:/root/.m2/repository/org/eclipse/jetty/jetty-io/12.0.7/jetty-io-12.0.7.jar:/root/.m2/repository/org/eclipse/jetty/jetty-session/12.0.7/jetty-session-12.0.7.jar:/root/.m2/repository/org/slf4j/slf4j-api/2.0.9/slf4j-api-2.0.9.jar:/root/.m2/repository/org/eclipse/jetty/ee10/jetty-ee10-webapp/12.0.7/jetty-ee10-webapp-12.0.7.jar:/root/.m2/repository/org/eclipse/jetty/jetty-xml/12.0.7/jetty-xml-12.0.7.jar:/root/.m2/repository/org/eclipse/jetty/jetty-util/12.0.7/jetty-util-12.0.7.jar:/root/.m2/repository/org/glassfish/jersey/test-framework/providers/jersey-test-framework-provider-grizzly2/3.1.7/jersey-test-framework-provider-grizzly2-3.1.7.jar:/root/.m2/repository/org/glassfish/jersey/test-framework/jersey-test-framework-core/3.1.7/jersey-test-framework-core-3.1.7.jar:/root/.m2/repository/jakarta/xml/bind/jakarta.xml.bind-api/4.0.2/jakarta.xml.bind-api-4.0.2.jar:/root/.m2/repository/jakarta/activation/jakarta.activation-api/2.1.3/jakarta.activation-api-2.1.3.jar:/root/.m2/repository/org/glassfish/jersey/media/jersey-media-jaxb/3.1.7/jersey-media-jaxb-3.1.7.jar:/root/.m2/repository/org/glassfish/jersey/containers/jersey-container-grizzly2-http/3.1.7/jersey-container-grizzly2-http-3.1.7.jar:/root/.m2/repository/org/glassfish/grizzly/grizzly-http-server/4.0.2/grizzly-http-server-4.0.2.jar:/root/.m2/repository/org/glassfish/grizzly/grizzly-http/4.0.2/grizzly-http-4.0.2.jar:/root/.m2/repository/org/glassfish/grizzly/grizzly-framework/4.0.2/grizzly-framework-4.0.2.jar:/root/.m2/repository/org/glassfish/jersey/containers/jersey-container-grizzly2-servlet/3.1.7/jersey-container-grizzly2-servlet-3.1.7.jar:/root/.m2/repository/org/glassfish/grizzly/grizzly-http-servlet/4.0.2/grizzly-http-servlet-4.0.2.jar:/root/.m2/repository/org/glassfish/jersey/test-framework/providers/jersey-test-framework-provider-inmemory/3.1.7/jersey-test-framework-provider-inmemory-3.1.7.jar:/root/.m2/repository/org/glassfish/jersey/test-framework/providers/jersey-test-framework-provider-external/3.1.7/jersey-test-framework-provider-external-3.1.7.jar:/root/.m2/repository/org/glassfish/jersey/test-framework/providers/jersey-test-framework-provider-jdk-http/3.1.7/jersey-test-framework-provider-jdk-http-3.1.7.jar:/root/.m2/repository/org/glassfish/jersey/containers/jersey-container-jdk-http/3.1.7/jersey-container-jdk-http-3.1.7.jar:/root/.m2/repository/org/glassfish/jersey/test-framework/providers/jersey-test-framework-provider-simple/3.1.7/jersey-test-framework-provider-simple-3.1.7.jar:/root/.m2/repository/org/glassfish/jersey/containers/jersey-container-simple-http/3.1.7/jersey-container-simple-http-3.1.7.jar:/root/.m2/repository/org/simpleframework/simple-http/6.0.1/simple-http-6.0.1.jar:/root/.m2/repository/org/simpleframework/simple-transport/6.0.1/simple-transport-6.0.1.jar:/root/.m2/repository/org/simpleframework/simple-common/6.0.1/simple-common-6.0.1.jar:/root/.m2/repository/org/glassfish/jersey/test-framework/providers/jersey-test-framework-provider-netty/3.1.7/jersey-test-framework-provider-netty-3.1.7.jar:/root/.m2/repository/org/glassfish/jersey/containers/jersey-container-netty-http/3.1.7/jersey-container-netty-http-3.1.7.jar:/root/.m2/repository/org/glassfish/jersey/connectors/jersey-netty-connector/3.1.7/jersey-netty-connector-3.1.7.jar:/root/.m2/repository/io/netty/netty-all/4.1.109.Final/netty-all-4.1.109.Final.jar:/root/.m2/repository/io/netty/netty-buffer/4.1.109.Final/netty-buffer-4.1.109.Final.jar:/root/.m2/repository/io/netty/netty-codec/4.1.109.Final/netty-codec-4.1.109.Final.jar:/root/.m2/repository/io/netty/netty-codec-dns/4.1.109.Final/netty-codec-dns-4.1.109.Final.jar:/root/.m2/repository/io/netty/netty-codec-haproxy/4.1.109.Final/netty-codec-haproxy-4.1.109.Final.jar:/root/.m2/repository/io/netty/netty-codec-http/4.1.109.Final/netty-codec-http-4.1.109.Final.jar:/root/.m2/repository/io/netty/netty-codec-http2/4.1.109.Final/netty-codec-http2-4.1.109.Final.jar:/root/.m2/repository/io/netty/netty-codec-memcache/4.1.109.Final/netty-codec-memcache-4.1.109.Final.jar:/root/.m2/repository/io/netty/netty-codec-mqtt/4.1.109.Final/netty-codec-mqtt-4.1.109.Final.jar:/root/.m2/repository/io/netty/netty-codec-redis/4.1.109.Final/netty-codec-redis-4.1.109.Final.jar:/root/.m2/repository/io/netty/netty-codec-smtp/4.1.109.Final/netty-codec-smtp-4.1.109.Final.jar:/root/.m2/repository/io/netty/netty-codec-socks/4.1.109.Final/netty-codec-socks-4.1.109.Final.jar:/root/.m2/repository/io/netty/netty-codec-stomp/4.1.109.Final/netty-codec-stomp-4.1.109.Final.jar:/root/.m2/repository/io/netty/netty-codec-xml/4.1.109.Final/netty-codec-xml-4.1.109.Final.jar:/root/.m2/repository/io/netty/netty-common/4.1.109.Final/netty-common-4.1.109.Final.jar:/root/.m2/repository/io/netty/netty-handler/4.1.109.Final/netty-handler-4.1.109.Final.jar:/root/.m2/repository/io/netty/netty-transport-native-unix-common/4.1.109.Final/netty-transport-native-unix-common-4.1.109.Final.jar:/root/.m2/repository/io/netty/netty-handler-proxy/4.1.109.Final/netty-handler-proxy-4.1.109.Final.jar:/root/.m2/repository/io/netty/netty-handler-ssl-ocsp/4.1.109.Final/netty-handler-ssl-ocsp-4.1.109.Final.jar:/root/.m2/repository/io/netty/netty-resolver/4.1.109.Final/netty-resolver-4.1.109.Final.jar:/root/.m2/repository/io/netty/netty-resolver-dns/4.1.109.Final/netty-resolver-dns-4.1.109.Final.jar:/root/.m2/repository/io/netty/netty-transport/4.1.109.Final/netty-transport-4.1.109.Final.jar:/root/.m2/repository/io/netty/netty-transport-rxtx/4.1.109.Final/netty-transport-rxtx-4.1.109.Final.jar:/root/.m2/repository/io/netty/netty-transport-sctp/4.1.109.Final/netty-transport-sctp-4.1.109.Final.jar:/root/.m2/repository/io/netty/netty-transport-udt/4.1.109.Final/netty-transport-udt-4.1.109.Final.jar:/root/.m2/repository/io/netty/netty-transport-classes-epoll/4.1.109.Final/netty-transport-classes-epoll-4.1.109.Final.jar:/root/.m2/repository/io/netty/netty-transport-classes-kqueue/4.1.109.Final/netty-transport-classes-kqueue-4.1.109.Final.jar:/root/.m2/repository/io/netty/netty-resolver-dns-classes-macos/4.1.109.Final/netty-resolver-dns-classes-macos-4.1.109.Final.jar:/root/.m2/repository/io/netty/netty-transport-native-epoll/4.1.109.Final/netty-transport-native-epoll-4.1.109.Final-linux-x86_64.jar:/root/.m2/repository/io/netty/netty-transport-native-epoll/4.1.109.Final/netty-transport-native-epoll-4.1.109.Final-linux-aarch_64.jar:/root/.m2/repository/io/netty/netty-transport-native-epoll/4.1.109.Final/netty-transport-native-epoll-4.1.109.Final-linux-riscv64.jar:/root/.m2/repository/io/netty/netty-transport-native-kqueue/4.1.109.Final/netty-transport-native-kqueue-4.1.109.Final-osx-x86_64.jar:/root/.m2/repository/io/netty/netty-transport-native-kqueue/4.1.109.Final/netty-transport-native-kqueue-4.1.109.Final-osx-aarch_64.jar:/root/.m2/repository/io/netty/netty-resolver-dns-native-macos/4.1.109.Final/netty-resolver-dns-native-macos-4.1.109.Final-osx-x86_64.jar:/root/.m2/repository/io/netty/netty-resolver-dns-native-macos/4.1.109.Final/netty-resolver-dns-native-macos-4.1.109.Final-osx-aarch_64.jar:/root/.m2/repository/org/glassfish/jersey/test-framework/providers/jersey-test-framework-provider-jetty/3.1.7/jersey-test-framework-provider-jetty-3.1.7.jar:/root/.m2/repository/org/glassfish/jersey/containers/jersey-container-jetty-http/3.1.7/jersey-container-jetty-http-3.1.7.jar:/root/.m2/repository/org/junit/jupiter/junit-jupiter/5.10.2/junit-jupiter-5.10.2.jar:/root/.m2/repository/org/junit/jupiter/junit-jupiter-api/5.10.2/junit-jupiter-api-5.10.2.jar:/root/.m2/repository/org/opentest4j/opentest4j/1.3.0/opentest4j-1.3.0.jar:/root/.m2/repository/org/junit/platform/junit-platform-commons/1.10.2/junit-platform-commons-1.10.2.jar:/root/.m2/repository/org/apiguardian/apiguardian-api/1.1.2/apiguardian-api-1.1.2.jar:/root/.m2/repository/org/junit/jupiter/junit-jupiter-params/5.10.2/junit-jupiter-params-5.10.2.jar:/root/.m2/repository/org/junit/jupiter/junit-jupiter-engine/5.10.2/junit-jupiter-engine-5.10.2.jar:/root/.m2/repository/org/hamcrest/hamcrest/2.2/hamcrest-2.2.jar:"/>
    <property name="sun.cpu.endian" value="little"/>
    <property name="user.home" value="/root"/>
    <property name="user.language" value="en"/>
    <property name="java.specification.vendor" value="Oracle Corporation"/>
    <property name="java.version.date" value="2024-01-16"/>
    <property name="java.home" value="/usr/lib/jvm/jdk-17-oracle-x64"/>
    <property name="file.separator" value="/"/>
    <property name="basedir" value="/opt/mvn_test/git_demo"/>
    <property name="java.vm.compressedOopsMode" value="32-bit"/>
    <property name="line.separator" value="&#10;"/>
    <property name="java.vm.specification.vendor" value="Oracle Corporation"/>
    <property name="java.specification.name" value="Java Platform API Specification"/>
    <property name="surefire.real.class.path" value="/opt/mvn_test/git_demo/target/surefire/surefirebooter-20240705053440926_3.jar"/>
    <property name="sun.management.compiler" value="HotSpot 64-Bit Tiered Compilers"/>
    <property name="java.runtime.version" value="17.0.10+11-LTS-240"/>
    <property name="user.name" value="root"/>
    <property name="path.separator" value=":"/>
    <property name="os.version" value="6.1.94-99.176.amzn2023.x86_64"/>
    <property name="java.runtime.name" value="Java(TM) SE Runtime Environment"/>
    <property name="file.encoding" value="UTF-8"/>
    <property name="java.vm.name" value="Java HotSpot(TM) 64-Bit Server VM"/>
    <property name="localRepository" value="/root/.m2/repository"/>
    <property name="java.vendor.url.bug" value="https://bugreport.java.com/bugreport/"/>
    <property name="java.io.tmpdir" value="/tmp"/>
    <property name="java.version" value="17.0.10"/>
    <property name="user.dir" value="/opt/mvn_test/git_demo"/>
    <property name="os.arch" value="amd64"/>
    <property name="java.vm.specification.name" value="Java Virtual Machine Specification"/>
    <property name="native.encoding" value="UTF-8"/>
    <property name="java.library.path" value="/usr/java/packages/lib:/usr/lib64:/lib64:/lib:/usr/lib"/>
    <property name="java.vm.info" value="mixed mode, sharing"/>
    <property name="java.vendor" value="Oracle Corporation"/>
    <property name="java.vm.version" value="17.0.10+11-LTS-240"/>
    <property name="sun.io.unicode.encoding" value="UnicodeLittle"/>
    <property name="java.class.version" value="61.0"/>
  </properties>
  <testcase name="testGetIt" classname="git.MyResourceTest" time="1.847">
    <system-err><![CDATA[Jul 05, 2024 5:34:42 AM org.glassfish.jersey.test.grizzly.GrizzlyTestContainerFactory$GrizzlyTestContainer <init>
INFO: Creating GrizzlyTestContainer configured at the base URI http://localhost:9998/
Jul 05, 2024 5:34:43 AM org.glassfish.jersey.server.wadl.WadlFeature configure
WARNING: JAXBContext implementation could not be found. WADL feature is disabled.
Jul 05, 2024 5:34:43 AM org.glassfish.grizzly.http.server.NetworkListener start
INFO: Started listener bound to [localhost:9998]
Jul 05, 2024 5:34:43 AM org.glassfish.grizzly.http.server.HttpServer start
INFO: [HttpServer] Started.
Jul 05, 2024 5:34:44 AM org.glassfish.grizzly.http.server.NetworkListener shutdownNow
INFO: Stopped listener bound to [localhost:9998]
]]></system-err>
  </testcase>
</testsuite>